Performing C SOURCE FILE Test CMAKE_HAVE_LIBC_PTHREAD failed with the following output:
Change Dir: /home/maherme/Projects/cpp_buffer/build/CMakeFiles/CMakeTmp

Run Build Command(s):/usr/bin/gmake cmTC_d4e33/fast && /usr/bin/gmake  -f CMakeFiles/cmTC_d4e33.dir/build.make CMakeFiles/cmTC_d4e33.dir/build
gmake[1]: Entering directory '/home/maherme/Projects/cpp_buffer/build/CMakeFiles/CMakeTmp'
Building C object CMakeFiles/cmTC_d4e33.dir/src.c.o
/usr/bin/cc   -DCMAKE_HAVE_LIBC_PTHREAD -o CMakeFiles/cmTC_d4e33.dir/src.c.o -c /home/maherme/Projects/cpp_buffer/build/CMakeFiles/CMakeTmp/src.c
Linking C executable cmTC_d4e33
/usr/bin/cmake -E cmake_link_script CMakeFiles/cmTC_d4e33.dir/link.txt --verbose=1
/usr/bin/cc  -DCMAKE_HAVE_LIBC_PTHREAD -rdynamic CMakeFiles/cmTC_d4e33.dir/src.c.o -o cmTC_d4e33 
/usr/bin/ld: CMakeFiles/cmTC_d4e33.dir/src.c.o: in function `main':
src.c:(.text+0x2d): undefined reference to `pthread_create'
/usr/bin/ld: src.c:(.text+0x39): undefined reference to `pthread_detach'
/usr/bin/ld: src.c:(.text+0x45): undefined reference to `pthread_cancel'
/usr/bin/ld: src.c:(.text+0x56): undefined reference to `pthread_join'
collect2: error: ld returned 1 exit status
gmake[1]: *** [CMakeFiles/cmTC_d4e33.dir/build.make:106: cmTC_d4e33] Error 1
gmake[1]: Leaving directory '/home/maherme/Projects/cpp_buffer/build/CMakeFiles/CMakeTmp'
gmake: *** [Makefile:140: cmTC_d4e33/fast] Error 2


Source file was:
#include <pthread.h>

void* test_func(void* data)
{
  return data;
}

int main(void)
{
  pthread_t thread;
  pthread_create(&thread, NULL, test_func, NULL);
  pthread_detach(thread);
  pthread_cancel(thread);
  pthread_join(thread, NULL);
  pthread_atfork(NULL, NULL, NULL);
  pthread_exit(NULL);

  return 0;
}

Determining if the function pthread_create exists in the pthreads failed with the following output:
Change Dir: /home/maherme/Projects/cpp_buffer/build/CMakeFiles/CMakeTmp

Run Build Command(s):/usr/bin/gmake cmTC_cac9d/fast && /usr/bin/gmake  -f CMakeFiles/cmTC_cac9d.dir/build.make CMakeFiles/cmTC_cac9d.dir/build
gmake[1]: Entering directory '/home/maherme/Projects/cpp_buffer/build/CMakeFiles/CMakeTmp'
Building C object CMakeFiles/cmTC_cac9d.dir/CheckFunctionExists.c.o
/usr/bin/cc   -DCHECK_FUNCTION_EXISTS=pthread_create -o CMakeFiles/cmTC_cac9d.dir/CheckFunctionExists.c.o -c /usr/share/cmake/Modules/CheckFunctionExists.c
Linking C executable cmTC_cac9d
/usr/bin/cmake -E cmake_link_script CMakeFiles/cmTC_cac9d.dir/link.txt --verbose=1
/usr/bin/cc  -DCHECK_FUNCTION_EXISTS=pthread_create -rdynamic CMakeFiles/cmTC_cac9d.dir/CheckFunctionExists.c.o -o cmTC_cac9d  -lpthreads 
/usr/bin/ld: cannot find -lpthreads
collect2: error: ld returned 1 exit status
gmake[1]: *** [CMakeFiles/cmTC_cac9d.dir/build.make:106: cmTC_cac9d] Error 1
gmake[1]: Leaving directory '/home/maherme/Projects/cpp_buffer/build/CMakeFiles/CMakeTmp'
gmake: *** [Makefile:140: cmTC_cac9d/fast] Error 2



